[00:04:42] [Server thread/INFO]: They was slain by Zombie
[00:12:10] [Server thread/INFO]: ALEJANDROPANCHO fell from a high place
[00:22:41] [Server thread/WARN]: ALEJANDROPANCHO moved too quickly! 0.7282858525904885,3.419999986886978,-9.587689550158657
[00:24:01] [Server thread/INFO]: G4mer7447 lost connection: Disconnected
[00:24:01] [Server thread/INFO]: G4mer7447 left the game
[00:25:31] [Server thread/INFO]: ALEJANDROPANCHO fell from a high place
[00:27:02] [Server thread/INFO]: They lost connection: Disconnected
[00:27:02] [Server thread/INFO]: They left the game
[00:27:42] [Server thread/INFO]: ALEJANDROPANCHO lost connection: Disconnected
[00:27:42] [Server thread/INFO]: ALEJANDROPANCHO left the game
[00:42:44] [Server thread/INFO]: They[/127.143.71.218:47123] logged in with entity id 81936 at (570.2147829322913, 69.5625, -245.05109382693487)
[00:42:44] [Server thread/INFO]: They joined the game
[00:46:08] [Server thread/INFO]: They lost connection: Disconnected
[00:46:08] [Server thread/INFO]: They left the game
[00:46:29] [Server thread/INFO]: Unknown or incomplete command, see below for error
[00:46:29] [Server thread/INFO]: 1<--[HERE]
[00:46:45] [Server thread/INFO]: /advancement (grant|revoke)
[00:46:45] [Server thread/INFO]: /attribute <target> <attribute> (get|base|modifier)
[00:46:45] [Server thread/INFO]: /execute (run|if|unless|as|at|store|positioned|rotated|facing|align|anchored|in|summon|on)
[00:46:45] [Server thread/INFO]: /bossbar (add|remove|list|set|get)
[00:46:45] [Server thread/INFO]: /clear [<targets>]
[00:46:45] [Server thread/INFO]: /clone (<begin>|from)
[00:46:45] [Server thread/INFO]: /damage <target> <amount> [<damageType>]
[00:46:45] [Server thread/INFO]: /data (merge|get|remove|modify)
[00:46:45] [Server thread/INFO]: /datapack (enable|disable|list)
[00:46:45] [Server thread/INFO]: /debug (start|stop|function)
[00:46:45] [Server thread/INFO]: /defaultgamemode <gamemode>
[00:46:45] [Server thread/INFO]: /difficulty [peaceful|easy|normal|hard]
[00:46:45] [Server thread/INFO]: /effect (clear|give)
[00:46:45] [Server thread/INFO]: /me <action>
[00:46:45] [Server thread/INFO]: /enchant <targets> <enchantment> [<level>]
[00:46:45] [Server thread/INFO]: /experience (add|set|query)
[00:46:45] [Server thread/INFO]: /xp -> experience
[00:46:45] [Server thread/INFO]: /fill <from> <to> <block> [replace|keep|outline|hollow|destroy]
[00:46:45] [Server thread/INFO]: /fillbiome <from> <to> <biome> [replace]
[00:46:45] [Server thread/INFO]: /forceload (add|remove|query)
[00:46:45] [Server thread/INFO]: /function <name> [<arguments>|with]
[00:46:45] [Server thread/INFO]: /gamemode <gamemode> [<target>]
[00:46:45] [Server thread/INFO]: /gamerule (announceAdvancements|blockExplosionDropDecay|commandBlockOutput|commandModificationBlockLimit|disableElytraMovementCheck|disableRaids|doDaylightCycle|doEntityDrops|doFireTick|doImmediateRespawn|doInsomnia|doLimitedCrafting|doMobLoot|doMobSpawning|doPatrolSpawning|doTileDrops|doTraderSpawning|doVinesSpread|doWardenSpawning|doWeatherCycle|drowningDamage|enderPearlsVanishOnDeath|fallDamage|fireDamage|forgiveDeadPlayers|freezeDamage|globalSoundEvents|keepInventory|lavaSourceConversion|logAdminCommands|maxCommandChainLength|maxCommandForkCount|maxEntityCramming|mobExplosionDropDecay|mobGriefing|naturalRegeneration|playersNetherPortalCreativeDelay|playersNetherPortalDefaultDelay|playersSleepingPercentage|projectilesCanBreakBlocks|randomTickSpeed|reducedDebugInfo|sendCommandFeedback|showDeathMessages|snowAccumulationHeight|spawnChunkRadius|spawnRadius|spectatorsGenerateChunks|tntExplosionDropDecay|universalAnger|waterSourceConversion)
[00:46:45] [Server thread/INFO]: /give <targets> <item> [<count>]
[00:46:45] [Server thread/INFO]: /help [<command>]
[00:46:45] [Server thread/INFO]: /item (replace|modify)
[00:46:45] [Server thread/INFO]: /kick <targets> [<reason>]
[00:46:45] [Server thread/INFO]: /kill [<targets>]
[00:46:45] [Server thread/INFO]: /list [uuids]
[00:46:45] [Server thread/INFO]: /locate (structure|biome|poi)
[00:46:45] [Server thread/INFO]: /loot (replace|insert|give|spawn)
[00:46:45] [Server thread/INFO]: /msg <targets> <message>
[00:46:45] [Server thread/INFO]: /tell -> msg
[00:46:45] [Server thread/INFO]: /w -> msg
[00:46:45] [Server thread/INFO]: /particle <name> [<pos>]
[00:46:45] [Server thread/INFO]: /place (feature|jigsaw|structure|template)
[00:46:45] [Server thread/INFO]: /playsound <sound> [master|music|record|weather|block|hostile|neutral|player|ambient|voice]
[00:46:45] [Server thread/INFO]: /random (value|roll|reset)
[00:46:45] [Server thread/INFO]: /reload
[00:46:45] [Server thread/INFO]: /recipe (give|take)
[00:46:45] [Server thread/INFO]: /return (<value>|fail|run)
[00:46:45] [Server thread/INFO]: /ride <target> (mount|dismount)
[00:46:45] [Server thread/INFO]: /say <message>
[00:46:45] [Server thread/INFO]: /schedule (function|clear)
[00:46:45] [Server thread/INFO]: /scoreboard (objectives|players)
[00:46:45] [Server thread/INFO]: /seed
[00:46:45] [Server thread/INFO]: /setblock <pos> <block> [destroy|keep|replace]
[00:46:45] [Server thread/INFO]: /spawnpoint [<targets>]
[00:46:45] [Server thread/INFO]: /setworldspawn [<pos>]
[00:46:45] [Server thread/INFO]: /spectate [<target>]
[00:46:45] [Server thread/INFO]: /spreadplayers <center> <spreadDistance> <maxRange> (<respectTeams>|under)
[00:46:45] [Server thread/INFO]: /stopsound <targets> [*|master|music|record|weather|block|hostile|neutral|player|ambient|voice]
[00:46:45] [Server thread/INFO]: /summon <entity> [<pos>]
[00:46:45] [Server thread/INFO]: /tag <targets> (add|remove|list)
[00:46:45] [Server thread/INFO]: /team (list|add|remove|empty|join|leave|modify)
[00:46:45] [Server thread/INFO]: /teammsg <message>
[00:46:45] [Server thread/INFO]: /tm -> teammsg
[00:46:45] [Server thread/INFO]: /teleport (<location>|<destination>|<targets>)
[00:46:45] [Server thread/INFO]: /tp -> teleport
[00:46:45] [Server thread/INFO]: /tellraw <targets> <message>
[00:46:45] [Server thread/INFO]: /tick (query|rate|step|sprint|unfreeze|freeze)
[00:46:45] [Server thread/INFO]: /time (set|add|query)
[00:46:45] [Server thread/INFO]: /title <targets> (clear|reset|title|subtitle|actionbar|times)
[00:46:45] [Server thread/INFO]: /trigger <objective> [add|set]
[00:46:45] [Server thread/INFO]: /weather (clear|rain|thunder)
[00:46:45] [Server thread/INFO]: /worldborder (add|set|center|damage|get|warning)
[00:46:45] [Server thread/INFO]: /jfr (start|stop)
[00:46:45] [Server thread/INFO]: /ban-ip <target> [<reason>]
[00:46:45] [Server thread/INFO]: /banlist [ips|players]
[00:46:45] [Server thread/INFO]: /ban <targets> [<reason>]
[00:46:45] [Server thread/INFO]: /deop <targets>
[00:46:45] [Server thread/INFO]: /op <targets>
[00:46:45] [Server thread/INFO]: /pardon <targets>
[00:46:45] [Server thread/INFO]: /pardon-ip <target>
[00:46:45] [Server thread/INFO]: /perf (start|stop)
[00:46:45] [Server thread/INFO]: /save-all [flush]
[00:46:45] [Server thread/INFO]: /save-off
[00:46:45] [Server thread/INFO]: /save-on
[00:46:45] [Server thread/INFO]: /setidletimeout <minutes>
[00:46:45] [Server thread/INFO]: /stop
[00:46:45] [Server thread/INFO]: /transfer <hostname> [<port>]
[00:46:45] [Server thread/INFO]: /whitelist (on|off|list|add|remove|reload)
[00:46:50] [Server thread/INFO]: Stopping the server
[00:46:50] [Server thread/INFO]: Stopping server
[00:46:50] [Server thread/INFO]: Saving players
[00:46:50] [Server thread/INFO]: Saving worlds
[00:46:50] [Server thread/INFO]: Saving chunks for level 'ServerLevel[world]'/minecraft:overworld
[00:46:51] [Server thread/INFO]: Saving chunks for level 'ServerLevel[world]'/minecraft:the_end
[00:46:51] [Server thread/INFO]: Saving chunks for level 'ServerLevel[world]'/minecraft:the_nether
[00:46:51] [Server thread/INFO]: ThreadedAnvilChunkStorage (world): All chunks are saved
[00:46:51] [Server thread/INFO]: ThreadedAnvilChunkStorage (DIM1): All chunks are saved
[00:46:51] [Server thread/INFO]: ThreadedAnvilChunkStorage (DIM-1): All chunks are saved
[00:46:51] [Server thread/INFO]: ThreadedAnvilChunkStorage: All dimensions are saved
